  mainWindowEventProcessing.cpp
D:\proect\for my tryies\for_commits\Shader_colour_correction\OGL_3_32bit\other_functions.h(18,12): warning C4244: аргумент: преобразование "time_t" в "unsigned int", возможна потеря данных
D:\proect\for my tryies\for_commits\Shader_colour_correction\OGL_3_32bit\other_functions.h(20,22): warning C4244: аргумент: преобразование "int" в "float", возможна потеря данных
D:\proect\for my tryies\for_commits\Shader_colour_correction\OGL_3_32bit\generate_blur_matrix.h(128,31): warning C4244: инициализация: преобразование "double" в "float", возможна потеря данных
D:\proect\for my tryies\for_commits\Shader_colour_correction\OGL_3_32bit\generate_blur_matrix.h(129,40): warning C4244: аргумент: преобразование "int" в "float", возможна потеря данных
D:\proect\for my tryies\for_commits\Shader_colour_correction\OGL_3_32bit\generate_blur_matrix.h(129,27): warning C4244: аргумент: преобразование "int" в "float", возможна потеря данных
D:\proect\for my tryies\for_commits\Shader_colour_correction\OGL_3_32bit\generate_blur_matrix.h(147,30): warning C4305: аргумент: усечение из "double" в "float"
D:\proect\for my tryies\for_commits\Shader_colour_correction\OGL_3_32bit\generate_blur_matrix.h(152,33): warning C4244: аргумент: преобразование "int" в "float", возможна потеря данных
D:\proect\for my tryies\for_commits\Shader_colour_correction\OGL_3_32bit\generate_blur_matrix.h(155,33): warning C4244: аргумент: преобразование "int" в "float", возможна потеря данных
D:\proect\for my tryies\for_commits\Shader_colour_correction\OGL_3_32bit\generate_blur_matrix.h(159,40): warning C4244: аргумент: преобразование "int" в "float", возможна потеря данных
D:\proect\for my tryies\for_commits\Shader_colour_correction\OGL_3_32bit\generate_blur_matrix.h(162,40): warning C4244: аргумент: преобразование "int" в "float", возможна потеря данных
D:\proect\for my tryies\for_commits\Shader_colour_correction\OGL_3_32bit\ImageProcessing.hpp(315,121): warning C4305: инициализация: усечение из "double" в "float"
D:\proect\for my tryies\for_commits\Shader_colour_correction\OGL_3_32bit\ImageProcessing.hpp(71,26): warning C4244: аргумент: преобразование "float" в "int", возможна потеря данных
D:\proect\for my tryies\for_commits\Shader_colour_correction\OGL_3_32bit\ImageProcessing.hpp(116,98): warning C4244: аргумент: преобразование "double" в "GLfloat", возможна потеря данных
D:\proect\for my tryies\for_commits\Shader_colour_correction\OGL_3_32bit\ImageProcessing.hpp(116,80): warning C4244: аргумент: преобразование "double" в "GLfloat", возможна потеря данных
D:\proect\for my tryies\for_commits\Shader_colour_correction\OGL_3_32bit\ImageProcessing.hpp(124,9): warning C4244: инициализация: преобразование "float" в "int", возможна потеря данных
D:\proect\for my tryies\for_commits\Shader_colour_correction\OGL_3_32bit\ImageProcessing.hpp(149,9): warning C4244: инициализация: преобразование "float" в "int", возможна потеря данных
D:\proect\for my tryies\for_commits\Shader_colour_correction\OGL_3_32bit\ImageProcessing.hpp(221,9): warning C4244: инициализация: преобразование "float" в "int", возможна потеря данных
C:\Program Files (x86)\Windows Kits\10\Include\10.0.18362.0\shared\minwindef.h(130,1): warning C4005: APIENTRY: изменение макроопределения
D:\proect\for my tryies\for_commits\Shader_colour_correction\Assets\glfw-3.3.2.bin.WIN32\include\GLFW\glfw3.h(123): message : см. предыдущее определение "APIENTRY"
D:\proect\for my tryies\for_commits\Shader_colour_correction\OGL_3_32bit\mainWindowEventProcessing.cpp(128,35): warning C4305: -=: усечение из "double" в "GLfloat"
D:\proect\for my tryies\for_commits\Shader_colour_correction\OGL_3_32bit\mainWindowEventProcessing.cpp(129,36): warning C4305: +=: усечение из "double" в "GLfloat"
D:\proect\for my tryies\for_commits\Shader_colour_correction\OGL_3_32bit\mainWindowEventProcessing.cpp(130,33): warning C4305: -=: усечение из "double" в "GLfloat"
D:\proect\for my tryies\for_commits\Shader_colour_correction\OGL_3_32bit\mainWindowEventProcessing.cpp(131,33): warning C4305: +=: усечение из "double" в "GLfloat"
LINK : warning LNK4098: библиотека по умолчанию "MSVCRT" конфликтует с использованием других библиотек; используйте /NODEFAULTLIB:library
LINK : warning LNK4098: библиотека по умолчанию "LIBCMT" конфликтует с использованием других библиотек; используйте /NODEFAULTLIB:library
glew32s.lib(glew.obj) : warning LNK4099: "vc120.pdb" PDB не найден с "glew32s.lib(glew.obj)" или на "D:\proect\for my tryies\for_commits\Shader_colour_correction\Debug\vc120.pdb"; компоновка объекта выполняется как при отсутствии отладочных данных
  OGL_3_32bit.vcxproj -> D:\proect\for my tryies\for_commits\Shader_colour_correction\Debug\Shader_image_processing_v2.exe
