  mainWindowEventProcessing.cpp
d:\0_visual_studio_projects\opengl_2020\shader_colour_correction_v2\ogl_3_32bit\other_functions.h(18): warning C4244: 'argument': conversion from 'time_t' to 'unsigned int', possible loss of data
d:\0_visual_studio_projects\opengl_2020\shader_colour_correction_v2\ogl_3_32bit\other_functions.h(20): warning C4244: 'argument': conversion from 'int' to 'float', possible loss of data
d:\0_visual_studio_projects\opengl_2020\shader_colour_correction_v2\ogl_3_32bit\generate_blur_matrix.h(127): warning C4244: 'initializing': conversion from 'double' to 'float', possible loss of data
d:\0_visual_studio_projects\opengl_2020\shader_colour_correction_v2\ogl_3_32bit\generate_blur_matrix.h(128): warning C4244: 'argument': conversion from 'int' to 'float', possible loss of data
d:\0_visual_studio_projects\opengl_2020\shader_colour_correction_v2\ogl_3_32bit\imageprocessing.hpp(240): warning C4305: 'initializing': truncation from 'double' to 'float'
d:\0_visual_studio_projects\opengl_2020\shader_colour_correction_v2\ogl_3_32bit\imageprocessing.hpp(70): warning C4244: 'argument': conversion from 'float' to 'int', possible loss of data
d:\0_visual_studio_projects\opengl_2020\shader_colour_correction_v2\ogl_3_32bit\imageprocessing.hpp(115): warning C4244: 'argument': conversion from 'double' to 'GLfloat', possible loss of data
d:\0_visual_studio_projects\opengl_2020\shader_colour_correction_v2\ogl_3_32bit\imageprocessing.hpp(123): warning C4244: 'initializing': conversion from 'float' to 'int', possible loss of data
d:\0_visual_studio_projects\opengl_2020\shader_colour_correction_v2\ogl_3_32bit\imageprocessing.hpp(148): warning C4244: 'initializing': conversion from 'float' to 'int', possible loss of data
c:\program files (x86)\windows kits\10\include\10.0.17763.0\shared\minwindef.h(130): warning C4005: 'APIENTRY': macro redefinition
  d:\programming_libs\glfw-3.3.2.bin.win32\include\glfw\glfw3.h(123): note: see previous definition of 'APIENTRY'
d:\0_visual_studio_projects\opengl_2020\shader_colour_correction_v2\ogl_3_32bit\mainwindoweventprocessing.cpp(120): warning C4305: '-=': truncation from 'double' to 'GLfloat'
d:\0_visual_studio_projects\opengl_2020\shader_colour_correction_v2\ogl_3_32bit\mainwindoweventprocessing.cpp(121): warning C4305: '+=': truncation from 'double' to 'GLfloat'
d:\0_visual_studio_projects\opengl_2020\shader_colour_correction_v2\ogl_3_32bit\mainwindoweventprocessing.cpp(122): warning C4305: '-=': truncation from 'double' to 'GLfloat'
d:\0_visual_studio_projects\opengl_2020\shader_colour_correction_v2\ogl_3_32bit\mainwindoweventprocessing.cpp(123): warning C4305: '+=': truncation from 'double' to 'GLfloat'
LINK : warning LNK4098: defaultlib 'LIBCMT' conflicts with use of other libs; use /NODEFAULTLIB:library
  Generating code
  1 of 525 functions ( 0.2%) were compiled, the rest were copied from previous compilation.
    0 functions were new in current compilation
    0 functions had inline decision re-evaluated but remain unchanged
  Finished generating code
glew32s.lib(glew.obj) : warning LNK4099: PDB 'vc120.pdb' was not found with 'glew32s.lib(glew.obj)' or at 'D:\0_visual_studio_projects\OpenGL_2020\Shader_colour_correction_v2\Release\vc120.pdb'; linking object as if no debug info
  OGL_3_32bit.vcxproj -> D:\0_visual_studio_projects\OpenGL_2020\Shader_colour_correction_v2\Release\Shader_image_processing_v2.exe
